<?xml version="1.0" encoding="UTF-8"?>
<coverage generated="1690733357154" clover="3.2.0">
  <project timestamp="1690733357154" name="All files">
    <metrics statements="19" coveredstatements="19" conditionals="0" coveredconditionals="0" methods="4" coveredmethods="4" elements="23" coveredelements="23" complexity="0" loc="19" ncloc="19" packages="1" files="3" classes="3"/>
    <file name="block.js" path="C:\Users\UdaiKC\Desktop\blockchain_beginner\cryptochain\block.js">
      <metrics statements="11" coveredstatements="11" conditionals="0" coveredconditionals="0" methods="3" coveredmethods="3"/>
      <line num="1" count="1" type="stmt"/>
      <line num="2" count="1" type="stmt"/>
      <line num="6" count="4" type="stmt"/>
      <line num="7" count="4" type="stmt"/>
      <line num="8" count="4" type="stmt"/>
      <line num="9" count="4" type="stmt"/>
      <line num="13" count="2" type="stmt"/>
      <line num="17" count="1" type="stmt"/>
      <line num="18" count="1" type="stmt"/>
      <line num="19" count="1" type="stmt"/>
      <line num="30" count="1" type="stmt"/>
    </file>
    <file name="config.js" path="C:\Users\UdaiKC\Desktop\blockchain_beginner\cryptochain\config.js">
      <metrics statements="2" coveredstatements="2" conditionals="0" coveredconditionals="0" methods="0" coveredmethods="0"/>
      <line num="1" count="1" type="stmt"/>
      <line num="8" count="1" type="stmt"/>
    </file>
    <file name="crypto-hash.js" path="C:\Users\UdaiKC\Desktop\blockchain_beginner\cryptochain\crypto-hash.js">
      <metrics statements="6" coveredstatements="6" conditionals="0" coveredconditionals="0" methods="1" coveredmethods="1"/>
      <line num="1" count="2" type="stmt"/>
      <line num="3" count="2" type="stmt"/>
      <line num="4" count="5" type="stmt"/>
      <line num="7" count="5" type="stmt"/>
      <line num="10" count="5" type="stmt"/>
      <line num="13" count="2" type="stmt"/>
    </file>
  </project>
</coverage>
