{"C:\\Users\\UdaiKC\\Desktop\\blockchain_beginner\\cryptochain\\block.js": {"path":"C:\\Users\\UdaiKC\\Desktop\\blockchain_beginner\\cryptochain\\block.js","statementMap":{"0":{"start":{"line":1,"column":25},"end":{"line":1,"column":44}},"1":{"start":{"line":2,"column":19},"end":{"line":2,"column":43}},"2":{"start":{"line":6,"column":8},"end":{"line":6,"column":35}},"3":{"start":{"line":7,"column":8},"end":{"line":7,"column":33}},"4":{"start":{"line":8,"column":8},"end":{"line":8,"column":25}},"5":{"start":{"line":9,"column":8},"end":{"line":9,"column":25}},"6":{"start":{"line":13,"column":8},"end":{"line":13,"column":38}},"7":{"start":{"line":17,"column":26},"end":{"line":17,"column":36}},"8":{"start":{"line":18,"column":25},"end":{"line":18,"column":39}},"9":{"start":{"line":19,"column":8},"end":{"line":24,"column":11}},"10":{"start":{"line":30,"column":0},"end":{"line":30,"column":23}}},"fnMap":{"0":{"name":"(anonymous_0)","decl":{"start":{"line":5,"column":4},"end":{"line":5,"column":5}},"loc":{"start":{"line":5,"column":50},"end":{"line":10,"column":5}},"line":5},"1":{"name":"(anonymous_1)","decl":{"start":{"line":12,"column":4},"end":{"line":12,"column":5}},"loc":{"start":{"line":12,"column":21},"end":{"line":14,"column":7}},"line":12},"2":{"name":"(anonymous_2)","decl":{"start":{"line":16,"column":6},"end":{"line":16,"column":7}},"loc":{"start":{"line":16,"column":44},"end":{"line":25,"column":7}},"line":16}},"branchMap":{},"s":{"0":2,"1":2,"2":62,"3":62,"4":62,"5":62,"6":38,"7":23,"8":23,"9":23,"10":2},"f":{"0":62,"1":38,"2":23},"b":{},"_coverageSchema":"1a1c01bbd47fc00a2c39e90264f33305004495a9","hash":"9587fe519f949802b5dbc0fc62296f1557fa2424"}
,"C:\\Users\\UdaiKC\\Desktop\\blockchain_beginner\\cryptochain\\blockchain.js": {"path":"C:\\Users\\UdaiKC\\Desktop\\blockchain_beginner\\cryptochain\\blockchain.js","statementMap":{"0":{"start":{"line":1,"column":14},"end":{"line":1,"column":35}},"1":{"start":{"line":2,"column":19},"end":{"line":2,"column":43}},"2":{"start":{"line":6,"column":8},"end":{"line":6,"column":39}},"3":{"start":{"line":10,"column":25},"end":{"line":13,"column":10}},"4":{"start":{"line":15,"column":8},"end":{"line":15,"column":34}},"5":{"start":{"line":19,"column":8},"end":{"line":19,"column":86}},"6":{"start":{"line":19,"column":73},"end":{"line":19,"column":86}},"7":{"start":{"line":21,"column":8},"end":{"line":31,"column":9}},"8":{"start":{"line":21,"column":19},"end":{"line":21,"column":20}},"9":{"start":{"line":22,"column":54},"end":{"line":22,"column":62}},"10":{"start":{"line":24,"column":33},"end":{"line":24,"column":48}},"11":{"start":{"line":26,"column":10},"end":{"line":26,"column":56}},"12":{"start":{"line":26,"column":43},"end":{"line":26,"column":56}},"13":{"start":{"line":28,"column":32},"end":{"line":28,"column":69}},"14":{"start":{"line":30,"column":10},"end":{"line":30,"column":51}},"15":{"start":{"line":30,"column":38},"end":{"line":30,"column":51}},"16":{"start":{"line":33,"column":8},"end":{"line":33,"column":20}},"17":{"start":{"line":37,"column":8},"end":{"line":41,"column":9}},"18":{"start":{"line":38,"column":10},"end":{"line":38,"column":61}},"19":{"start":{"line":40,"column":10},"end":{"line":40,"column":17}},"20":{"start":{"line":43,"column":8},"end":{"line":47,"column":9}},"21":{"start":{"line":44,"column":10},"end":{"line":44,"column":60}},"22":{"start":{"line":46,"column":10},"end":{"line":46,"column":17}},"23":{"start":{"line":49,"column":8},"end":{"line":49,"column":51}},"24":{"start":{"line":50,"column":8},"end":{"line":50,"column":27}},"25":{"start":{"line":54,"column":0},"end":{"line":54,"column":28}}},"fnMap":{"0":{"name":"(anonymous_0)","decl":{"start":{"line":5,"column":4},"end":{"line":5,"column":5}},"loc":{"start":{"line":5,"column":18},"end":{"line":7,"column":5}},"line":5},"1":{"name":"(anonymous_1)","decl":{"start":{"line":9,"column":4},"end":{"line":9,"column":5}},"loc":{"start":{"line":9,"column":22},"end":{"line":16,"column":5}},"line":9},"2":{"name":"(anonymous_2)","decl":{"start":{"line":18,"column":4},"end":{"line":18,"column":5}},"loc":{"start":{"line":18,"column":31},"end":{"line":34,"column":7}},"line":18},"3":{"name":"(anonymous_3)","decl":{"start":{"line":36,"column":6},"end":{"line":36,"column":7}},"loc":{"start":{"line":36,"column":26},"end":{"line":51,"column":7}},"line":36}},"branchMap":{"0":{"loc":{"start":{"line":19,"column":8},"end":{"line":19,"column":86}},"type":"if","locations":[{"start":{"line":19,"column":8},"end":{"line":19,"column":86}},{"start":{},"end":{}}],"line":19},"1":{"loc":{"start":{"line":26,"column":10},"end":{"line":26,"column":56}},"type":"if","locations":[{"start":{"line":26,"column":10},"end":{"line":26,"column":56}},{"start":{},"end":{}}],"line":26},"2":{"loc":{"start":{"line":30,"column":10},"end":{"line":30,"column":51}},"type":"if","locations":[{"start":{"line":30,"column":10},"end":{"line":30,"column":51}},{"start":{},"end":{}}],"line":30},"3":{"loc":{"start":{"line":37,"column":8},"end":{"line":41,"column":9}},"type":"if","locations":[{"start":{"line":37,"column":8},"end":{"line":41,"column":9}},{"start":{},"end":{}}],"line":37},"4":{"loc":{"start":{"line":43,"column":8},"end":{"line":47,"column":9}},"type":"if","locations":[{"start":{"line":43,"column":8},"end":{"line":47,"column":9}},{"start":{},"end":{}}],"line":43}},"s":{"0":1,"1":1,"2":26,"3":22,"4":22,"5":9,"6":1,"7":8,"8":8,"9":19,"10":19,"11":19,"12":1,"13":18,"14":18,"15":4,"16":3,"17":7,"18":2,"19":2,"20":5,"21":3,"22":3,"23":2,"24":2,"25":1},"f":{"0":26,"1":22,"2":9,"3":7},"b":{"0":[1,8],"1":[1,18],"2":[4,14],"3":[2,5],"4":[3,2]},"_coverageSchema":"1a1c01bbd47fc00a2c39e90264f33305004495a9","hash":"e2a6c38f5b6073f2a84ac2e767e4c98f0f00fd89"}
,"C:\\Users\\UdaiKC\\Desktop\\blockchain_beginner\\cryptochain\\config.js": {"path":"C:\\Users\\UdaiKC\\Desktop\\blockchain_beginner\\cryptochain\\config.js","statementMap":{"0":{"start":{"line":1,"column":21},"end":{"line":6,"column":1}},"1":{"start":{"line":8,"column":0},"end":{"line":8,"column":32}}},"fnMap":{},"branchMap":{},"s":{"0":2,"1":2},"f":{},"b":{},"_coverageSchema":"1a1c01bbd47fc00a2c39e90264f33305004495a9","hash":"97594d76facd211163454a2631811c829d2e0add"}
,"C:\\Users\\UdaiKC\\Desktop\\blockchain_beginner\\cryptochain\\crypto-hash.js": {"path":"C:\\Users\\UdaiKC\\Desktop\\blockchain_beginner\\cryptochain\\crypto-hash.js","statementMap":{"0":{"start":{"line":1,"column":15},"end":{"line":1,"column":32}},"1":{"start":{"line":3,"column":19},"end":{"line":11,"column":1}},"2":{"start":{"line":4,"column":17},"end":{"line":4,"column":44}},"3":{"start":{"line":7,"column":4},"end":{"line":7,"column":41}},"4":{"start":{"line":10,"column":4},"end":{"line":10,"column":30}},"5":{"start":{"line":13,"column":0},"end":{"line":13,"column":28}}},"fnMap":{"0":{"name":"(anonymous_0)","decl":{"start":{"line":3,"column":19},"end":{"line":3,"column":20}},"loc":{"start":{"line":3,"column":34},"end":{"line":11,"column":1}},"line":3}},"branchMap":{},"s":{"0":3,"1":3,"2":45,"3":45,"4":45,"5":3},"f":{"0":45},"b":{},"_coverageSchema":"1a1c01bbd47fc00a2c39e90264f33305004495a9","hash":"627ad6739ddeff6f2a2e3cee004070354b920114"}
}
