TN:
SF:block.js
FN:5,(anonymous_0)
FN:12,(anonymous_1)
FN:16,(anonymous_2)
FNF:3
FNH:3
FNDA:62,(anonymous_0)
FNDA:38,(anonymous_1)
FNDA:23,(anonymous_2)
DA:1,2
DA:2,2
DA:6,62
DA:7,62
DA:8,62
DA:9,62
DA:13,38
DA:17,23
DA:18,23
DA:19,23
DA:30,2
LF:11
LH:11
BRF:0
BRH:0
end_of_record
TN:
SF:blockchain.js
FN:5,(anonymous_0)
FN:9,(anonymous_1)
FN:18,(anonymous_2)
FN:36,(anonymous_3)
FNF:4
FNH:4
FNDA:26,(anonymous_0)
FNDA:22,(anonymous_1)
FNDA:9,(anonymous_2)
FNDA:7,(anonymous_3)
DA:1,1
DA:2,1
DA:6,26
DA:10,22
DA:15,22
DA:19,9
DA:21,8
DA:22,19
DA:24,19
DA:26,19
DA:28,18
DA:30,18
DA:33,3
DA:37,7
DA:38,2
DA:40,2
DA:43,5
DA:44,3
DA:46,3
DA:49,2
DA:50,2
DA:54,1
LF:22
LH:22
BRDA:19,0,0,1
BRDA:19,0,1,8
BRDA:26,1,0,1
BRDA:26,1,1,18
BRDA:30,2,0,4
BRDA:30,2,1,14
BRDA:37,3,0,2
BRDA:37,3,1,5
BRDA:43,4,0,3
BRDA:43,4,1,2
BRF:10
BRH:10
end_of_record
TN:
SF:config.js
FNF:0
FNH:0
DA:1,2
DA:8,2
LF:2
LH:2
BRF:0
BRH:0
end_of_record
TN:
SF:crypto-hash.js
FN:3,(anonymous_0)
FNF:1
FNH:1
FNDA:45,(anonymous_0)
DA:1,3
DA:3,3
DA:4,45
DA:7,45
DA:10,45
DA:13,3
LF:6
LH:6
BRF:0
BRH:0
end_of_record
