TN:
SF:block.js
FN:5,(anonymous_0)
FN:12,(anonymous_1)
FN:16,(anonymous_2)
FNF:3
FNH:3
FNDA:47,(anonymous_0)
FNDA:29,(anonymous_1)
FNDA:17,(anonymous_2)
DA:1,2
DA:2,2
DA:6,47
DA:7,47
DA:8,47
DA:9,47
DA:13,29
DA:17,17
DA:18,17
DA:19,17
DA:30,2
LF:11
LH:11
BRF:0
BRH:0
end_of_record
TN:
SF:blockchain.js
FN:5,(anonymous_0)
FN:9,(anonymous_1)
FN:18,(anonymous_2)
FN:36,(anonymous_3)
FNF:4
FNH:4
FNDA:20,(anonymous_0)
FNDA:16,(anonymous_1)
FNDA:6,(anonymous_2)
FNDA:3,(anonymous_3)
DA:1,1
DA:2,1
DA:6,20
DA:10,16
DA:15,16
DA:19,6
DA:21,5
DA:22,12
DA:24,12
DA:26,12
DA:28,11
DA:30,11
DA:33,2
DA:37,3
DA:38,1
DA:40,1
DA:43,2
DA:44,1
DA:46,1
DA:49,1
DA:50,1
DA:54,1
LF:22
LH:22
BRDA:19,0,0,1
BRDA:19,0,1,5
BRDA:26,1,0,1
BRDA:26,1,1,11
BRDA:30,2,0,2
BRDA:30,2,1,9
BRDA:37,3,0,1
BRDA:37,3,1,2
BRDA:43,4,0,1
BRDA:43,4,1,1
BRF:10
BRH:10
end_of_record
TN:
SF:config.js
FNF:0
FNH:0
DA:1,2
DA:8,2
LF:2
LH:2
BRF:0
BRH:0
end_of_record
TN:
SF:crypto-hash.js
FN:3,(anonymous_0)
FNF:1
FNH:1
FNDA:32,(anonymous_0)
DA:1,3
DA:3,3
DA:4,32
DA:7,32
DA:10,32
DA:13,3
LF:6
LH:6
BRF:0
BRH:0
end_of_record
